Build started 03/12/2014 00:51:39.
     1>Project "E:\USC\CSCI 580 (Fall 2014)\SC_Tracers\c++\sctracers.vcxproj" on node 2 (Build target(s)).
     1>ClCompile:
         C:\Program Files (x86)\Microsoft Visual Studio 11.0\VC\bin\CL.exe /c /ZI /nologo /W3 /WX- /Od /Oy- /D _MBCS /Gm /EHsc /RTC1 /MDd /GS /fp:precise /Zc:wchar_t /Zc:forScope /Fo"Debug\\" /Fd"Debug\vc110.pdb" /Gd /TP /analyze- /errorReport:prompt main.cpp parser.cpp
         parser.cpp
         main.cpp
     1>e:\usc\csci 580 (fall 2014)\sc_tracers\c++\fresnel.h(23): warning C4244: 'return' : conversion from 'double' to 'float', possible loss of data
     1>e:\usc\csci 580 (fall 2014)\sc_tracers\c++\fresnel.h(27): warning C4244: 'return' : conversion from 'double' to 'float', possible loss of data
     1>e:\usc\csci 580 (fall 2014)\sc_tracers\c++\fresnel.h(31): warning C4244: 'return' : conversion from 'double' to 'float', possible loss of data
     1>e:\usc\csci 580 (fall 2014)\sc_tracers\c++\fresnel.h(35): warning C4244: 'return' : conversion from 'double' to 'float', possible loss of data
     1>e:\usc\csci 580 (fall 2014)\sc_tracers\c++\fresnel.h(39): warning C4244: 'return' : conversion from 'double' to 'float', possible loss of data
     1>e:\usc\csci 580 (fall 2014)\sc_tracers\c++\raytracer.h(17): warning C4018: '<' : signed/unsigned mismatch
     1>e:\usc\csci 580 (fall 2014)\sc_tracers\c++\raytracer.h(55): warning C4018: '<' : signed/unsigned mismatch
     1>e:\usc\csci 580 (fall 2014)\sc_tracers\c++\raytracer.h(96): warning C4305: 'initializing' : truncation from 'double' to 'float'
     1>e:\usc\csci 580 (fall 2014)\sc_tracers\c++\main.cpp(104): warning C4244: '=' : conversion from 'float' to 'unsigned char', possible loss of data
     1>e:\usc\csci 580 (fall 2014)\sc_tracers\c++\main.cpp(105): warning C4244: '=' : conversion from 'float' to 'unsigned char', possible loss of data
     1>e:\usc\csci 580 (fall 2014)\sc_tracers\c++\main.cpp(106): warning C4244: '=' : conversion from 'float' to 'unsigned char', possible loss of data
     1>e:\usc\csci 580 (fall 2014)\sc_tracers\c++\main.cpp(174): warning C4244: 'argument' : conversion from 'double' to 'int', possible loss of data
     1>e:\usc\csci 580 (fall 2014)\sc_tracers\c++\main.cpp(188): warning C4305: 'argument' : truncation from 'double' to 'float'
     1>e:\usc\csci 580 (fall 2014)\sc_tracers\c++\main.cpp(195): warning C4305: 'initializing' : truncation from 'double' to 'float'
     1>e:\usc\csci 580 (fall 2014)\sc_tracers\c++\main.cpp(332): warning C4244: '=' : conversion from 'double' to 'float', possible loss of data
     1>e:\usc\csci 580 (fall 2014)\sc_tracers\c++\main.cpp(333): warning C4244: 'initializing' : conversion from 'double' to 'float', possible loss of data
     1>e:\usc\csci 580 (fall 2014)\sc_tracers\c++\main.cpp(343): warning C4244: '=' : conversion from 'double' to 'float', possible loss of data
     1>e:\usc\csci 580 (fall 2014)\sc_tracers\c++\main.cpp(354): warning C4996: 'fopen': This function or variable may be unsafe. Consider using fopen_s instead. To disable deprecation, use _CRT_SECURE_NO_WARNINGS. See online help for details.
                 c:\program files (x86)\microsoft visual studio 11.0\vc\include\stdio.h(218) : see declaration of 'fopen'
         Generating Code...
       Link:
         C:\Program Files (x86)\Microsoft Visual Studio 11.0\VC\bin\link.exe /ERRORREPORT:PROMPT /OUT:"E:\USC\CSCI 580 (Fall 2014)\SC_Tracers\c++\Debug\sctracers.exe" /INCREMENTAL /NOLOGO kernel32.lib user32.lib gdi32.lib winspool.lib comdlg32.lib advapi32.lib shell32.lib ole32.lib oleaut32.lib uuid.lib odbc32.lib odbccp32.lib /MANIFEST /MANIFESTUAC:"level='asInvoker' uiAccess='false'" /manifest:embed /DEBUG /PDB:"E:\USC\CSCI 580 (Fall 2014)\SC_Tracers\c++\Debug\sctracers.pdb" /TLBID:1 /DYNAMICBASE /NXCOMPAT /IMPLIB:"E:\USC\CSCI 580 (Fall 2014)\SC_Tracers\c++\Debug\sctracers.lib" /MACHINE:X86 Debug\main.obj
         Debug\parser.obj
         sctracers.vcxproj -> E:\USC\CSCI 580 (Fall 2014)\SC_Tracers\c++\Debug\sctracers.exe
     1>Done Building Project "E:\USC\CSCI 580 (Fall 2014)\SC_Tracers\c++\sctracers.vcxproj" (Build target(s)).

Build succeeded.

Time Elapsed 00:00:02.16
