Build started 03/12/2014 01:23:53.
     1>Project "E:\USC\CSCI 580 (Fall 2014)\SC_Tracers\c++\sctracers.vcxproj" on node 2 (Build target(s)).
     1>ClCompile:
         C:\Program Files (x86)\Microsoft Visual Studio 11.0\VC\bin\CL.exe /c /Zi /nologo /W3 /WX- /O2 /Oi /Oy- /GL /D _MBCS /Gm- /EHsc /MD /GS /Gy /fp:precise /Zc:wchar_t /Zc:forScope /Fo"Release\\" /Fd"Release\vc110.pdb" /Gd /TP /analyze- /errorReport:prompt main.cpp
         main.cpp
     1>e:\usc\csci 580 (fall 2014)\sc_tracers\c++\fresnel.h(23): warning C4244: 'return' : conversion from 'double' to 'float', possible loss of data
     1>e:\usc\csci 580 (fall 2014)\sc_tracers\c++\fresnel.h(27): warning C4244: 'return' : conversion from 'double' to 'float', possible loss of data
     1>e:\usc\csci 580 (fall 2014)\sc_tracers\c++\fresnel.h(31): warning C4244: 'return' : conversion from 'double' to 'float', possible loss of data
     1>e:\usc\csci 580 (fall 2014)\sc_tracers\c++\fresnel.h(35): warning C4244: 'return' : conversion from 'double' to 'float', possible loss of data
     1>e:\usc\csci 580 (fall 2014)\sc_tracers\c++\fresnel.h(39): warning C4244: 'return' : conversion from 'double' to 'float', possible loss of data
     1>e:\usc\csci 580 (fall 2014)\sc_tracers\c++\raytracer.h(17): warning C4018: '<' : signed/unsigned mismatch
     1>e:\usc\csci 580 (fall 2014)\sc_tracers\c++\raytracer.h(55): warning C4018: '<' : signed/unsigned mismatch
     1>e:\usc\csci 580 (fall 2014)\sc_tracers\c++\raytracer.h(96): warning C4305: 'initializing' : truncation from 'double' to 'float'
     1>main.cpp(104): warning C4244: '=' : conversion from 'float' to 'unsigned char', possible loss of data
     1>main.cpp(105): warning C4244: '=' : conversion from 'float' to 'unsigned char', possible loss of data
     1>main.cpp(106): warning C4244: '=' : conversion from 'float' to 'unsigned char', possible loss of data
     1>main.cpp(174): warning C4244: 'argument' : conversion from 'double' to 'int', possible loss of data
     1>main.cpp(188): warning C4305: 'argument' : truncation from 'double' to 'float'
     1>main.cpp(195): warning C4305: 'initializing' : truncation from 'double' to 'float'
     1>main.cpp(332): warning C4244: '=' : conversion from 'double' to 'float', possible loss of data
     1>main.cpp(333): warning C4244: 'initializing' : conversion from 'double' to 'float', possible loss of data
     1>main.cpp(343): warning C4244: '=' : conversion from 'double' to 'float', possible loss of data
     1>main.cpp(354): warning C4996: 'fopen': This function or variable may be unsafe. Consider using fopen_s instead. To disable deprecation, use _CRT_SECURE_NO_WARNINGS. See online help for details.
                 C:\Program Files (x86)\Microsoft Visual Studio 11.0\VC\include\stdio.h(218) : see declaration of 'fopen'
       Link:
         C:\Program Files (x86)\Microsoft Visual Studio 11.0\VC\bin\link.exe /ERRORREPORT:PROMPT /OUT:"E:\USC\CSCI 580 (Fall 2014)\SC_Tracers\c++\Release\sctracers.exe" /NOLOGO kernel32.lib user32.lib gdi32.lib winspool.lib comdlg32.lib advapi32.lib shell32.lib ole32.lib oleaut32.lib uuid.lib odbc32.lib odbccp32.lib /MANIFEST /MANIFESTUAC:"level='asInvoker' uiAccess='false'" /manifest:embed /DEBUG /PDB:"E:\USC\CSCI 580 (Fall 2014)\SC_Tracers\c++\Release\sctracers.pdb" /OPT:REF /OPT:ICF /LTCG /TLBID:1 /DYNAMICBASE /NXCOMPAT /IMPLIB:"E:\USC\CSCI 580 (Fall 2014)\SC_Tracers\c++\Release\sctracers.lib" /MACHINE:X86 /SAFESEH Release\main.obj
         Release\parser.obj
         Generating code
         Finished generating code
         sctracers.vcxproj -> E:\USC\CSCI 580 (Fall 2014)\SC_Tracers\c++\Release\sctracers.exe
     1>Done Building Project "E:\USC\CSCI 580 (Fall 2014)\SC_Tracers\c++\sctracers.vcxproj" (Build target(s)).

Build succeeded.

Time Elapsed 00:00:01.66
